This file contains any messages produced by compilers while
running configure, to aid debugging if configure makes a mistake.

It was created by Insignia configure 1.2, which was
generated by GNU Autoconf 2.59.  Invocation command line was

  $ ./configure 

## --------- ##
## Platform. ##
## --------- ##

hostname = charless-mbp.nch.com
uname -m = x86_64
uname -r = 18.6.0
uname -s = Darwin
uname -v = Darwin Kernel Version 18.6.0: Thu Apr 25 23:16:27 PDT 2019; root:xnu-4903.261.4~2/RELEASE_X86_64

/usr/bin/uname -p = i386
/bin/uname -X     = unknown

/bin/arch              = unknown
/usr/bin/arch -k       = unknown
/usr/convex/getsysinfo = unknown
hostinfo               = Mach kernel version:
	 Darwin Kernel Version 18.6.0: Thu Apr 25 23:16:27 PDT 2019; root:xnu-4903.261.4~2/RELEASE_X86_64
Kernel configured for up to 8 processors.
4 processors are physically available.
8 processors are logically available.
Processor type: x86_64h (Intel x86-64h Haswell)
Processors active: 0 1 2 3 4 5 6 7
Primary memory available: 16.00 gigabytes
Default processor set: 585 tasks, 2199 threads, 8 processors
Load average: 1.30, Mach factor: 6.69
/bin/machine           = unknown
/usr/bin/oslevel       = unknown
/bin/universe          = unknown

PATH: /usr/local/bin
PATH: /usr/bin
PATH: /bin
PATH: /usr/sbin
PATH: /sbin
PATH: /Users/bioinformatics/documents/mummer/mummer3.23


## ----------- ##
## Core tests. ##
## ----------- ##

configure:1382: checking for a BSD-compatible install
configure:1437: result: /usr/bin/install -c
configure:1448: checking whether build environment is sane
configure:1491: result: yes
configure:1556: checking for gawk
configure:1585: result: no
configure:1556: checking for mawk
configure:1585: result: no
configure:1556: checking for nawk
configure:1585: result: no
configure:1556: checking for awk
configure:1572: found /usr/bin/awk
configure:1582: result: awk
configure:1592: checking whether make sets $(MAKE)
configure:1612: result: yes
configure:1838: checking for g++
configure:1854: found /usr/bin/g++
configure:1864: result: g++
configure:1880: checking for C++ compiler version
configure:1883: g++ --version </dev/null >&5
Configured with: --prefix=/Applications/Xcode.app/Contents/Developer/usr --with-gxx-include-dir=/Applications/Xcode.app/Contents/Developer/Platforms/MacOSX.platform/Developer/SDKs/MacOSX10.14.sdk/usr/include/c++/4.2.1
Apple LLVM version 10.0.1 (clang-1001.0.46.4)
Target: x86_64-apple-darwin18.6.0
Thread model: posix
InstalledDir: /Applications/Xcode.app/Contents/Developer/Toolchains/XcodeDefault.xctoolchain/usr/bin
configure:1886: $? = 0
configure:1888: g++ -v </dev/null >&5
Configured with: --prefix=/Applications/Xcode.app/Contents/Developer/usr --with-gxx-include-dir=/Applications/Xcode.app/Contents/Developer/Platforms/MacOSX.platform/Developer/SDKs/MacOSX10.14.sdk/usr/include/c++/4.2.1
Apple LLVM version 10.0.1 (clang-1001.0.46.4)
Target: x86_64-apple-darwin18.6.0
Thread model: posix
InstalledDir: /Applications/Xcode.app/Contents/Developer/Toolchains/XcodeDefault.xctoolchain/usr/bin
configure:1891: $? = 0
configure:1893: g++ -V </dev/null >&5
clang: error: unsupported option '-V -Wno-atomic-implicit-seq-cst'
clang: error: no input files
configure:1896: $? = 1
configure:1919: checking for C++ compiler default output file name
configure:1922: g++    conftest.cc  >&5
configure:1925: $? = 0
configure:1971: result: a.out
configure:1976: checking whether the C++ compiler works
configure:1982: ./a.out
configure:1985: $? = 0
configure:2002: result: yes
configure:2009: checking whether we are cross compiling
configure:2011: result: no
configure:2014: checking for suffix of executables
configure:2016: g++ -o conftest    conftest.cc  >&5
configure:2019: $? = 0
configure:2044: result: 
configure:2050: checking for suffix of object files
configure:2071: g++ -c   conftest.cc >&5
configure:2074: $? = 0
configure:2096: result: o
configure:2100: checking whether we are using the GNU C++ compiler
configure:2124: g++ -c   conftest.cc >&5
configure:2130: $? = 0
configure:2134: test -z 
			 || test ! -s conftest.err
configure:2137: $? = 0
configure:2140: test -s conftest.o
configure:2143: $? = 0
configure:2156: result: yes
configure:2162: checking whether g++ accepts -g
configure:2183: g++ -c -g  conftest.cc >&5
configure:2189: $? = 0
configure:2193: test -z 
			 || test ! -s conftest.err
configure:2196: $? = 0
configure:2199: test -s conftest.o
configure:2202: $? = 0
configure:2213: result: yes
configure:2255: g++ -c -g -O2  conftest.cc >&5
configure:2261: $? = 0
configure:2265: test -z 
			 || test ! -s conftest.err
configure:2268: $? = 0
configure:2271: test -s conftest.o
configure:2274: $? = 0
configure:2300: g++ -c -g -O2  conftest.cc >&5
conftest.cc:15:1: error: use of undeclared identifier 'exit'
exit (42);
^
1 error generated.
configure:2306: $? = 1
configure: failed program was:
| /* confdefs.h.  */
| 
| #define PACKAGE_NAME "Insignia"
| #define PACKAGE_TARNAME "insignia"
| #define PACKAGE_VERSION "1.2"
| #define PACKAGE_STRING "Insignia 1.2"
| #define PACKAGE_BUGREPORT "amp@umiacs.umd.edu"
| #define PACKAGE "insignia"
| #define VERSION "1.2"
| /* end confdefs.h.  */
| 
| int
| main ()
| {
| exit (42);
|   ;
|   return 0;
| }
configure:2255: g++ -c -g -O2  conftest.cc >&5
conftest.cc:11:17: error: use of undeclared identifier 'std'
extern "C" void std::exit (int) throw (); using std::exit;
                ^
conftest.cc:11:49: error: use of undeclared identifier 'std'
extern "C" void std::exit (int) throw (); using std::exit;
                                                ^
2 errors generated.
configure:2261: $? = 1
configure: failed program was:
| /* confdefs.h.  */
| 
| #define PACKAGE_NAME "Insignia"
| #define PACKAGE_TARNAME "insignia"
| #define PACKAGE_VERSION "1.2"
| #define PACKAGE_STRING "Insignia 1.2"
| #define PACKAGE_BUGREPORT "amp@umiacs.umd.edu"
| #define PACKAGE "insignia"
| #define VERSION "1.2"
| /* end confdefs.h.  */
| extern "C" void std::exit (int) throw (); using std::exit;
| #include <stdlib.h>
| int
| main ()
| {
| exit (42);
|   ;
|   return 0;
| }
configure:2255: g++ -c -g -O2  conftest.cc >&5
conftest.cc:11:17: error: use of undeclared identifier 'std'
extern "C" void std::exit (int); using std::exit;
                ^
conftest.cc:11:40: error: use of undeclared identifier 'std'
extern "C" void std::exit (int); using std::exit;
                                       ^
2 errors generated.
configure:2261: $? = 1
configure: failed program was:
| /* confdefs.h.  */
| 
| #define PACKAGE_NAME "Insignia"
| #define PACKAGE_TARNAME "insignia"
| #define PACKAGE_VERSION "1.2"
| #define PACKAGE_STRING "Insignia 1.2"
| #define PACKAGE_BUGREPORT "amp@umiacs.umd.edu"
| #define PACKAGE "insignia"
| #define VERSION "1.2"
| /* end confdefs.h.  */
| extern "C" void std::exit (int); using std::exit;
| #include <stdlib.h>
| int
| main ()
| {
| exit (42);
|   ;
|   return 0;
| }
configure:2255: g++ -c -g -O2  conftest.cc >&5
In file included from conftest.cc:12:
In file included from /Applications/Xcode.app/Contents/Developer/Toolchains/XcodeDefault.xctoolchain/usr/include/c++/v1/stdlib.h:94:
/Applications/Xcode.app/Contents/Developer/Platforms/MacOSX.platform/Developer/SDKs/MacOSX10.14.sdk/usr/include/stdlib.h:145:7: error: 'exit' is missing exception specification 'throw()'
void     exit(int) __dead2;
         ^
conftest.cc:11:17: note: previous declaration is here
extern "C" void exit (int) throw ();
                ^
1 error generated.
configure:2261: $? = 1
configure: failed program was:
| /* confdefs.h.  */
| 
| #define PACKAGE_NAME "Insignia"
| #define PACKAGE_TARNAME "insignia"
| #define PACKAGE_VERSION "1.2"
| #define PACKAGE_STRING "Insignia 1.2"
| #define PACKAGE_BUGREPORT "amp@umiacs.umd.edu"
| #define PACKAGE "insignia"
| #define VERSION "1.2"
| /* end confdefs.h.  */
| extern "C" void exit (int) throw ();
| #include <stdlib.h>
| int
| main ()
| {
| exit (42);
|   ;
|   return 0;
| }
configure:2255: g++ -c -g -O2  conftest.cc >&5
configure:2261: $? = 0
configure:2265: test -z 
			 || test ! -s conftest.err
configure:2268: $? = 0
configure:2271: test -s conftest.o
configure:2274: $? = 0
configure:2300: g++ -c -g -O2  conftest.cc >&5
configure:2306: $? = 0
configure:2310: test -z 
			 || test ! -s conftest.err
configure:2313: $? = 0
configure:2316: test -s conftest.o
configure:2319: $? = 0
configure:2353: checking for style of include used by make
configure:2381: result: GNU
configure:2409: checking dependency style of g++
configure:2499: result: gcc3
configure:2562: checking for gcc
configure:2578: found /usr/bin/gcc
configure:2588: result: gcc
configure:2832: checking for C compiler version
configure:2835: gcc --version </dev/null >&5
Configured with: --prefix=/Applications/Xcode.app/Contents/Developer/usr --with-gxx-include-dir=/Applications/Xcode.app/Contents/Developer/Platforms/MacOSX.platform/Developer/SDKs/MacOSX10.14.sdk/usr/include/c++/4.2.1
Apple LLVM version 10.0.1 (clang-1001.0.46.4)
Target: x86_64-apple-darwin18.6.0
Thread model: posix
InstalledDir: /Applications/Xcode.app/Contents/Developer/Toolchains/XcodeDefault.xctoolchain/usr/bin
configure:2838: $? = 0
configure:2840: gcc -v </dev/null >&5
Configured with: --prefix=/Applications/Xcode.app/Contents/Developer/usr --with-gxx-include-dir=/Applications/Xcode.app/Contents/Developer/Platforms/MacOSX.platform/Developer/SDKs/MacOSX10.14.sdk/usr/include/c++/4.2.1
Apple LLVM version 10.0.1 (clang-1001.0.46.4)
Target: x86_64-apple-darwin18.6.0
Thread model: posix
InstalledDir: /Applications/Xcode.app/Contents/Developer/Toolchains/XcodeDefault.xctoolchain/usr/bin
configure:2843: $? = 0
configure:2845: gcc -V </dev/null >&5
clang: error: unsupported option '-V -Wno-atomic-implicit-seq-cst'
clang: error: no input files
configure:2848: $? = 1
configure:2851: checking whether we are using the GNU C compiler
configure:2875: gcc -c   conftest.c >&5
configure:2881: $? = 0
configure:2885: test -z 
			 || test ! -s conftest.err
configure:2888: $? = 0
configure:2891: test -s conftest.o
configure:2894: $? = 0
configure:2907: result: yes
configure:2913: checking whether gcc accepts -g
configure:2934: gcc -c -g  conftest.c >&5
configure:2940: $? = 0
configure:2944: test -z 
			 || test ! -s conftest.err
configure:2947: $? = 0
configure:2950: test -s conftest.o
configure:2953: $? = 0
configure:2964: result: yes
configure:2981: checking for gcc option to accept ANSI C
configure:3051: gcc  -c -g -O2  conftest.c >&5
configure:3057: $? = 0
configure:3061: test -z 
			 || test ! -s conftest.err
configure:3064: $? = 0
configure:3067: test -s conftest.o
configure:3070: $? = 0
configure:3088: result: none needed
configure:3106: gcc -c -g -O2  conftest.c >&5
conftest.c:2:3: error: unknown type name 'choke'
  choke me
  ^
conftest.c:2:11: error: expected ';' after top level declarator
  choke me
          ^
          ;
2 errors generated.
configure:3112: $? = 1
configure: failed program was:
| #ifndef __cplusplus
|   choke me
| #endif
configure:3247: checking dependency style of gcc
configure:3337: result: gcc3
configure:3395: checking for ranlib
configure:3411: found /usr/bin/ranlib
configure:3422: result: ranlib
configure:3436: checking for perl
configure:3454: found /usr/bin/perl
configure:3467: result: /usr/bin/perl
configure:3476: checking for mummer
configure:3494: found /Users/bioinformatics/documents/mummer/mummer3.23/mummer
configure:3507: result: /Users/bioinformatics/documents/mummer/mummer3.23/mummer
configure:3524: checking how to run the C preprocessor
configure:3559: gcc -E  conftest.c
configure:3565: $? = 0
configure:3597: gcc -E  conftest.c
conftest.c:14:10: fatal error: 'ac_nonexistent.h' file not found
#include <ac_nonexistent.h>
         ^~~~~~~~~~~~~~~~~~
1 error generated.
configure:3603: $? = 1
configure: failed program was:
| /* confdefs.h.  */
| 
| #define PACKAGE_NAME "Insignia"
| #define PACKAGE_TARNAME "insignia"
| #define PACKAGE_VERSION "1.2"
| #define PACKAGE_STRING "Insignia 1.2"
| #define PACKAGE_BUGREPORT "amp@umiacs.umd.edu"
| #define PACKAGE "insignia"
| #define VERSION "1.2"
| #ifdef __cplusplus
| extern "C" void exit (int);
| #endif
| /* end confdefs.h.  */
| #include <ac_nonexistent.h>
configure:3642: result: gcc -E
configure:3666: gcc -E  conftest.c
configure:3672: $? = 0
configure:3704: gcc -E  conftest.c
conftest.c:14:10: fatal error: 'ac_nonexistent.h' file not found
#include <ac_nonexistent.h>
         ^~~~~~~~~~~~~~~~~~
1 error generated.
configure:3710: $? = 1
configure: failed program was:
| /* confdefs.h.  */
| 
| #define PACKAGE_NAME "Insignia"
| #define PACKAGE_TARNAME "insignia"
| #define PACKAGE_VERSION "1.2"
| #define PACKAGE_STRING "Insignia 1.2"
| #define PACKAGE_BUGREPORT "amp@umiacs.umd.edu"
| #define PACKAGE "insignia"
| #define VERSION "1.2"
| #ifdef __cplusplus
| extern "C" void exit (int);
| #endif
| /* end confdefs.h.  */
| #include <ac_nonexistent.h>
configure:3754: checking for egrep
configure:3764: result: grep -E
configure:3769: checking for ANSI C header files
configure:3794: gcc -c -g -O2  conftest.c >&5
configure:3800: $? = 0
configure:3804: test -z 
			 || test ! -s conftest.err
configure:3807: $? = 0
configure:3810: test -s conftest.o
configure:3813: $? = 0
configure:3902: gcc -o conftest -g -O2   conftest.c  >&5
conftest.c:31:7: warning: implicitly declaring library function 'exit' with type 'void (int) __attribute__((noreturn))' [-Wimplicit-function-declaration]
      exit(2);
      ^
conftest.c:31:7: note: include the header <stdlib.h> or explicitly provide a declaration for 'exit'
1 warning generated.
configure:3905: $? = 0
configure:3907: ./conftest
configure:3910: $? = 0
configure:3925: result: yes
configure:3949: checking for sys/types.h
configure:3965: gcc -c -g -O2  conftest.c >&5
configure:3971: $? = 0
configure:3975: test -z 
			 || test ! -s conftest.err
configure:3978: $? = 0
configure:3981: test -s conftest.o
configure:3984: $? = 0
configure:3995: result: yes
configure:3949: checking for sys/stat.h
configure:3965: gcc -c -g -O2  conftest.c >&5
configure:3971: $? = 0
configure:3975: test -z 
			 || test ! -s conftest.err
configure:3978: $? = 0
configure:3981: test -s conftest.o
configure:3984: $? = 0
configure:3995: result: yes
configure:3949: checking for stdlib.h
configure:3965: gcc -c -g -O2  conftest.c >&5
configure:3971: $? = 0
configure:3975: test -z 
			 || test ! -s conftest.err
configure:3978: $? = 0
configure:3981: test -s conftest.o
configure:3984: $? = 0
configure:3995: result: yes
configure:3949: checking for string.h
configure:3965: gcc -c -g -O2  conftest.c >&5
configure:3971: $? = 0
configure:3975: test -z 
			 || test ! -s conftest.err
configure:3978: $? = 0
configure:3981: test -s conftest.o
configure:3984: $? = 0
configure:3995: result: yes
configure:3949: checking for memory.h
configure:3965: gcc -c -g -O2  conftest.c >&5
configure:3971: $? = 0
configure:3975: test -z 
			 || test ! -s conftest.err
configure:3978: $? = 0
configure:3981: test -s conftest.o
configure:3984: $? = 0
configure:3995: result: yes
configure:3949: checking for strings.h
configure:3965: gcc -c -g -O2  conftest.c >&5
configure:3971: $? = 0
configure:3975: test -z 
			 || test ! -s conftest.err
configure:3978: $? = 0
configure:3981: test -s conftest.o
configure:3984: $? = 0
configure:3995: result: yes
configure:3949: checking for inttypes.h
configure:3965: gcc -c -g -O2  conftest.c >&5
configure:3971: $? = 0
configure:3975: test -z 
			 || test ! -s conftest.err
configure:3978: $? = 0
configure:3981: test -s conftest.o
configure:3984: $? = 0
configure:3995: result: yes
configure:3949: checking for stdint.h
configure:3965: gcc -c -g -O2  conftest.c >&5
configure:3971: $? = 0
configure:3975: test -z 
			 || test ! -s conftest.err
configure:3978: $? = 0
configure:3981: test -s conftest.o
configure:3984: $? = 0
configure:3995: result: yes
configure:3949: checking for unistd.h
configure:3965: gcc -c -g -O2  conftest.c >&5
configure:3971: $? = 0
configure:3975: test -z 
			 || test ! -s conftest.err
configure:3978: $? = 0
configure:3981: test -s conftest.o
configure:3984: $? = 0
configure:3995: result: yes
configure:4018: checking for stdlib.h
configure:4023: result: yes
configure:4018: checking for string.h
configure:4023: result: yes
configure:4018: checking for unistd.h
configure:4023: result: yes
configure:4170: checking for stdbool.h that conforms to C99
configure:4223: gcc -c -g -O2  conftest.c >&5
conftest.c:54:12: warning: address of 's' will always evaluate to 'true' [-Wpointer-bool-conversion]
        bool e = &s;
             ~    ^
conftest.c:63:10: warning: address of array 'a' will always evaluate to 'true' [-Wpointer-bool-conversion]
 return !a + !b + !c + !d + !e + !f + !g + !h + !i;
        ~^
conftest.c:63:15: warning: address of array 'b' will always evaluate to 'true' [-Wpointer-bool-conversion]
 return !a + !b + !c + !d + !e + !f + !g + !h + !i;
             ~^
conftest.c:63:20: warning: address of array 'c' will always evaluate to 'true' [-Wpointer-bool-conversion]
 return !a + !b + !c + !d + !e + !f + !g + !h + !i;
                  ~^
conftest.c:63:25: warning: address of array 'd' will always evaluate to 'true' [-Wpointer-bool-conversion]
 return !a + !b + !c + !d + !e + !f + !g + !h + !i;
                       ~^
conftest.c:63:35: warning: address of array 'f' will always evaluate to 'true' [-Wpointer-bool-conversion]
 return !a + !b + !c + !d + !e + !f + !g + !h + !i;
                                 ~^
conftest.c:63:40: warning: address of array 'g' will always evaluate to 'true' [-Wpointer-bool-conversion]
 return !a + !b + !c + !d + !e + !f + !g + !h + !i;
                                      ~^
conftest.c:63:45: warning: address of array 'h' will always evaluate to 'true' [-Wpointer-bool-conversion]
 return !a + !b + !c + !d + !e + !f + !g + !h + !i;
                                           ~^
conftest.c:63:50: warning: address of array 'i' will always evaluate to 'true' [-Wpointer-bool-conversion]
 return !a + !b + !c + !d + !e + !f + !g + !h + !i;
                                                ~^
9 warnings generated.
configure:4229: $? = 0
configure:4233: test -z 
			 || test ! -s conftest.err
configure:4236: $? = 0
configure:4239: test -s conftest.o
configure:4242: $? = 0
configure:4253: result: yes
configure:4255: checking for _Bool
configure:4279: gcc -c -g -O2  conftest.c >&5
configure:4285: $? = 0
configure:4289: test -z 
			 || test ! -s conftest.err
configure:4292: $? = 0
configure:4295: test -s conftest.o
configure:4298: $? = 0
configure:4309: result: yes
configure:4328: checking for an ANSI C-conforming const
configure:4395: gcc -c -g -O2  conftest.c >&5
configure:4401: $? = 0
configure:4405: test -z 
			 || test ! -s conftest.err
configure:4408: $? = 0
configure:4411: test -s conftest.o
configure:4414: $? = 0
configure:4425: result: yes
configure:4442: checking for special C compiler options needed for large files
configure:4541: result: no
configure:4547: checking for _FILE_OFFSET_BITS value needed for large files
configure:4578: gcc -c -g -O2  conftest.c >&5
configure:4584: $? = 0
configure:4588: test -z 
			 || test ! -s conftest.err
configure:4591: $? = 0
configure:4594: test -s conftest.o
configure:4597: $? = 0
configure:4662: result: no
configure:4672: checking for _LARGE_FILES value needed for large files
configure:4703: gcc -c -g -O2  conftest.c >&5
configure:4709: $? = 0
configure:4713: test -z 
			 || test ! -s conftest.err
configure:4716: $? = 0
configure:4719: test -s conftest.o
configure:4722: $? = 0
configure:4787: result: no
configure:4799: checking for _LARGEFILE_SOURCE value needed for large files
configure:4822: gcc -c -g -O2  conftest.c >&5
conftest.c:33:9: warning: address of function 'fseeko' will always evaluate to 'true' [-Wpointer-bool-conversion]
return !fseeko;
       ~^~~~~~
conftest.c:33:9: note: prefix with the address-of operator to silence this warning
return !fseeko;
        ^
        &
1 warning generated.
configure:4828: $? = 0
configure:4832: test -z 
			 || test ! -s conftest.err
configure:4835: $? = 0
configure:4838: test -s conftest.o
configure:4841: $? = 0
configure:4898: result: no
configure:4912: checking for fseeko
configure:4933: gcc -o conftest -g -O2   conftest.c  >&5
conftest.c:33:8: warning: address of function 'fseeko' will always evaluate to 'true' [-Wpointer-bool-conversion]
return fseeko && fseeko (stdin, 0, 0);
       ^~~~~~ ~~
conftest.c:33:8: note: prefix with the address-of operator to silence this warning
return fseeko && fseeko (stdin, 0, 0);
       ^
       &
1 warning generated.
configure:4939: $? = 0
configure:4943: test -z 
			 || test ! -s conftest.err
configure:4946: $? = 0
configure:4949: test -s conftest
configure:4952: $? = 0
configure:4964: result: yes
configure:4982: checking for strdup
configure:5039: gcc -o conftest -g -O2   conftest.c  >&5
conftest.c:54:6: warning: incompatible redeclaration of library function 'strdup' [-Wincompatible-library-redeclaration]
char strdup ();
     ^
conftest.c:54:6: note: 'strdup' is a builtin with type 'char *(const char *)'
1 warning generated.
configure:5045: $? = 0
configure:5049: test -z 
			 || test ! -s conftest.err
configure:5052: $? = 0
configure:5055: test -s conftest
configure:5058: $? = 0
configure:5070: result: yes
configure:5093: checking build system type
configure:5111: result: i686-apple-darwin18.6.0
configure:5119: checking host system type
configure:5133: result: i686-apple-darwin18.6.0
configure:5263: creating ./config.status

## ---------------------- ##
## Running config.status. ##
## ---------------------- ##

This file was extended by Insignia config.status 1.2, which was
generated by GNU Autoconf 2.59.  Invocation command line was

  CONFIG_FILES    = 
  CONFIG_HEADERS  = 
  CONFIG_LINKS    = 
  CONFIG_COMMANDS = 
  $ ./config.status 

on charless-mbp.nch.com

config.status:711: creating Makefile
config.status:711: creating src/Makefile
config.status:711: creating src/FastaTools/Makefile
config.status:711: creating src/MatchCover/Makefile
config.status:711: creating src/Signature/Makefile
config.status:815: creating config.h
config.status:1115: executing depfiles commands

## ---------------- ##
## Cache variables. ##
## ---------------- ##

ac_cv_build=i686-apple-darwin18.6.0
ac_cv_build_alias=i686-apple-darwin18.6.0
ac_cv_c_compiler_gnu=yes
ac_cv_c_const=yes
ac_cv_cxx_compiler_gnu=yes
ac_cv_env_CC_set=
ac_cv_env_CC_value=
ac_cv_env_CFLAGS_set=
ac_cv_env_CFLAGS_value=
ac_cv_env_CPPFLAGS_set=
ac_cv_env_CPPFLAGS_value=
ac_cv_env_CPP_set=
ac_cv_env_CPP_value=
ac_cv_env_CXXFLAGS_set=
ac_cv_env_CXXFLAGS_value=
ac_cv_env_CXX_set=
ac_cv_env_CXX_value=
ac_cv_env_LDFLAGS_set=
ac_cv_env_LDFLAGS_value=
ac_cv_env_MUMMER_set=
ac_cv_env_MUMMER_value=
ac_cv_env_PERL_set=
ac_cv_env_PERL_value=
ac_cv_env_build_alias_set=
ac_cv_env_build_alias_value=
ac_cv_env_host_alias_set=
ac_cv_env_host_alias_value=
ac_cv_env_target_alias_set=
ac_cv_env_target_alias_value=
ac_cv_exeext=
ac_cv_func_fseeko=yes
ac_cv_func_strdup=yes
ac_cv_header_inttypes_h=yes
ac_cv_header_memory_h=yes
ac_cv_header_stdbool_h=yes
ac_cv_header_stdc=yes
ac_cv_header_stdint_h=yes
ac_cv_header_stdlib_h=yes
ac_cv_header_string_h=yes
ac_cv_header_strings_h=yes
ac_cv_header_sys_stat_h=yes
ac_cv_header_sys_types_h=yes
ac_cv_header_unistd_h=yes
ac_cv_host=i686-apple-darwin18.6.0
ac_cv_host_alias=i686-apple-darwin18.6.0
ac_cv_objext=o
ac_cv_path_MUMMER=/Users/bioinformatics/documents/mummer/mummer3.23/mummer
ac_cv_path_PERL=/usr/bin/perl
ac_cv_path_install='/usr/bin/install -c'
ac_cv_prog_AWK=awk
ac_cv_prog_CPP='gcc -E'
ac_cv_prog_ac_ct_CC=gcc
ac_cv_prog_ac_ct_CXX=g++
ac_cv_prog_ac_ct_RANLIB=ranlib
ac_cv_prog_cc_g=yes
ac_cv_prog_cc_stdc=
ac_cv_prog_cxx_g=yes
ac_cv_prog_egrep='grep -E'
ac_cv_prog_make_make_set=yes
ac_cv_sys_file_offset_bits=no
ac_cv_sys_large_files=no
ac_cv_sys_largefile_CC=no
ac_cv_sys_largefile_source=no
ac_cv_type__Bool=yes
am_cv_CC_dependencies_compiler_type=gcc3
am_cv_CXX_dependencies_compiler_type=gcc3

## ----------------- ##
## Output variables. ##
## ----------------- ##

ACLOCAL='${SHELL} /Users/bioinformatics/Documents/insignia/insignia-1.2/config/missing --run aclocal-1.9'
AMDEPBACKSLASH='\'
AMDEP_FALSE='#'
AMDEP_TRUE=''
AMTAR='${SHELL} /Users/bioinformatics/Documents/insignia/insignia-1.2/config/missing --run tar'
AUTOCONF='${SHELL} /Users/bioinformatics/Documents/insignia/insignia-1.2/config/missing --run autoconf'
AUTOHEADER='${SHELL} /Users/bioinformatics/Documents/insignia/insignia-1.2/config/missing --run autoheader'
AUTOMAKE='${SHELL} /Users/bioinformatics/Documents/insignia/insignia-1.2/config/missing --run automake-1.9'
AWK='awk'
CC='gcc'
CCDEPMODE='depmode=gcc3'
CFLAGS='-g -O2'
CPP='gcc -E'
CPPFLAGS=''
CXX='g++'
CXXDEPMODE='depmode=gcc3'
CXXFLAGS='-g -O2'
CYGPATH_W='echo'
DEFS='-DHAVE_CONFIG_H'
DEPDIR='.deps'
ECHO_C='ECHO_N=''
ECHO_T=''
EGREP='grep -E'
EXEEXT=''
INSTALL_DATA='${INSTALL} -m 644'
INSTALL_PROGRAM='${INSTALL}'
INSTALL_SCRIPT='${INSTALL}'
INSTALL_STRIP_PROGRAM='${SHELL} $(install_sh) -c -s'
LDFLAGS=''
LIBOBJS=''
LIBS=''
LTLIBOBJS=''
MAKEINFO='${SHELL} /Users/bioinformatics/Documents/insignia/insignia-1.2/config/missing --run makeinfo'
MUMMER='/Users/bioinformatics/documents/mummer/mummer3.23/mummer'
OBJEXT='o'
PACKAGE='insignia'
PACKAGE_BUGREPORT='amp@umiacs.umd.edu'
PACKAGE_NAME='Insignia'
PACKAGE_STRING='Insignia 1.2'
PACKAGE_TARNAME='insignia'
PACKAGE_VERSION='1.2'
PATH_SEPARATOR=':'
PERL='/usr/bin/perl'
RANLIB='ranlib'
SET_MAKE=''
SHELL='/bin/sh'
STRIP=''
VERSION='1.2'
ac_ct_CC='gcc'
ac_ct_CXX='g++'
ac_ct_RANLIB='ranlib'
ac_ct_STRIP=''
am__fastdepCC_FALSE='#'
am__fastdepCC_TRUE=''
am__fastdepCXX_FALSE='#'
am__fastdepCXX_TRUE=''
am__include='include'
am__leading_dot='.'
am__quote=''
am__tar='${AMTAR} chof - "$$tardir"'
am__untar='${AMTAR} xf -'
bindir='${exec_prefix}/bin'
build='i686-apple-darwin18.6.0'
build_alias=''
build_cpu='i686'
build_os='darwin18.6.0'
build_vendor='apple'
datadir='${prefix}/share'
exec_prefix='${prefix}'
host='i686-apple-darwin18.6.0'
host_alias=''
host_cpu='i686'
host_os='darwin18.6.0'
host_vendor='apple'
includedir='${prefix}/include'
infodir='${prefix}/info'
install_sh='/Users/bioinformatics/Documents/insignia/insignia-1.2/config/install-sh'
libdir='${exec_prefix}/lib'
libexecdir='${exec_prefix}/libexec'
localstatedir='${prefix}/var'
mandir='${prefix}/man'
mkdir_p='$(install_sh) -d'
oldincludedir='/usr/include'
prefix='/Users/bioinformatics/Documents/insignia/insignia-1.2'
program_transform_name='s,x,x,'
sbindir='${exec_prefix}/sbin'
sharedstatedir='${prefix}/com'
sysconfdir='${prefix}/etc'
target_alias=''

## ----------- ##
## confdefs.h. ##
## ----------- ##

#define HAVE_FSEEKO 1
#define HAVE_INTTYPES_H 1
#define HAVE_MEMORY_H 1
#define HAVE_STDBOOL_H 1
#define HAVE_STDINT_H 1
#define HAVE_STDLIB_H 1
#define HAVE_STDLIB_H 1
#define HAVE_STRDUP 1
#define HAVE_STRINGS_H 1
#define HAVE_STRING_H 1
#define HAVE_STRING_H 1
#define HAVE_SYS_STAT_H 1
#define HAVE_SYS_TYPES_H 1
#define HAVE_UNISTD_H 1
#define HAVE_UNISTD_H 1
#define HAVE__BOOL 1
#define PACKAGE "insignia"
#define PACKAGE_BUGREPORT "amp@umiacs.umd.edu"
#define PACKAGE_NAME "Insignia"
#define PACKAGE_STRING "Insignia 1.2"
#define PACKAGE_TARNAME "insignia"
#define PACKAGE_VERSION "1.2"
#define STDC_HEADERS 1
#define VERSION "1.2"
#endif
#ifdef __cplusplus
extern "C" void exit (int);

configure: exit 0
